2023-08-06 01:25:35.237022 - Initialized conversion of CBT152
2023-08-06 01:25:35.615258 - Received CBT.V505.FILE152.PDS from FILE152.XMI 
2023-08-06 01:25:35.618175 - Found $$$#DATE.txt (text/plain) in CBT.V505.FILE152.PDS, moved to PDS/$$$#DATE
2023-08-06 01:25:35.619391 - Found $$DOC.txt (text/plain) in CBT.V505.FILE152.PDS, moved to PDS/$$DOC
2023-08-06 01:25:35.620412 - Found @FILE152.txt (text/plain) in CBT.V505.FILE152.PDS, moved to PDS/@FILE152
2023-08-06 01:25:35.621471 - Found AGGETVLI.txt (text/plain) in CBT.V505.FILE152.PDS, moved to PDS/AGGETVLI
2023-08-06 01:25:35.622446 - Found AGTERM.txt (text/plain) in CBT.V505.FILE152.PDS, moved to PDS/AGTERM
2023-08-06 01:25:35.623450 - Found AMAZING.jcl (text/plain) in CBT.V505.FILE152.PDS, moved to PDS/AMAZING
2023-08-06 01:25:35.624368 - Found AMAZING2.jcl (text/plain) in CBT.V505.FILE152.PDS, moved to PDS/AMAZING2
2023-08-06 01:25:35.625242 - Found CALENDAR.jcl (text/plain) in CBT.V505.FILE152.PDS, moved to PDS/CALENDAR
2023-08-06 01:25:35.626147 - Found EQUREGS.txt (text/plain) in CBT.V505.FILE152.PDS, moved to PDS/EQUREGS
2023-08-06 01:25:35.627147 - Found F11UP.txt (text/plain) in CBT.V505.FILE152.PDS, moved to PDS/F11UP
2023-08-06 01:25:35.628019 - Found F12UP.txt (text/plain) in CBT.V505.FILE152.PDS, moved to PDS/F12UP
2023-08-06 01:25:35.628028 - Found INLINE.bin containing application/octet-stream, moved to PDS/INLINE
2023-08-06 01:25:35.629846 - Found INLINER.txt (text/plain) in CBT.V505.FILE152.PDS, moved to PDS/INLINER
2023-08-06 01:25:35.630767 - Found JOVERBLD.jcl (text/plain) in CBT.V505.FILE152.PDS, moved to PDS/JOVERBLD
2023-08-06 01:25:35.631671 - Found NCZ93205.jcl (text/plain) in CBT.V505.FILE152.PDS, moved to PDS/NCZ93205
2023-08-06 01:25:35.632515 - Found O$$DOC.txt (text/plain) in CBT.V505.FILE152.PDS, moved to PDS/O$$DOC
2023-08-06 01:25:35.633386 - Found O11UP.txt (text/plain) in CBT.V505.FILE152.PDS, moved to PDS/O11UP
2023-08-06 01:25:35.634359 - Found O12UP.txt (text/plain) in CBT.V505.FILE152.PDS, moved to PDS/O12UP
2023-08-06 01:25:35.635284 - Found POSTERT.jcl (text/plain) in CBT.V505.FILE152.PDS, moved to PDS/POSTERT
2023-08-06 01:25:35.636237 - Found POSTERT2.jcl (text/plain) in CBT.V505.FILE152.PDS, moved to PDS/POSTERT2
2023-08-06 01:25:35.637223 - Found POSTER2.jcl (text/plain) in CBT.V505.FILE152.PDS, moved to PDS/POSTER2
2023-08-06 01:25:35.638212 - Found PSFSCANA.jcl (text/plain) in CBT.V505.FILE152.PDS, moved to PDS/PSFSCANA
2023-08-06 01:25:35.639144 - Found PSFSCANB.jcl (text/plain) in CBT.V505.FILE152.PDS, moved to PDS/PSFSCANB
2023-08-06 01:25:35.640099 - Found PSFSCANC.jcl (text/plain) in CBT.V505.FILE152.PDS, moved to PDS/PSFSCANC
2023-08-06 01:25:35.641102 - Found PSFSCAND.jcl (text/plain) in CBT.V505.FILE152.PDS, moved to PDS/PSFSCAND
2023-08-06 01:25:35.642038 - Found PSFSCANE.jcl (text/plain) in CBT.V505.FILE152.PDS, moved to PDS/PSFSCANE
2023-08-06 01:25:35.642927 - Found PSFSCANF.jcl (text/plain) in CBT.V505.FILE152.PDS, moved to PDS/PSFSCANF
2023-08-06 01:25:35.643923 - Found PSFSCANH.jcl (text/plain) in CBT.V505.FILE152.PDS, moved to PDS/PSFSCANH
2023-08-06 01:25:35.644908 - Found PSFSCANI.jcl (text/plain) in CBT.V505.FILE152.PDS, moved to PDS/PSFSCANI
2023-08-06 01:25:35.645886 - Found PSFSCANJ.jcl (text/plain) in CBT.V505.FILE152.PDS, moved to PDS/PSFSCANJ
2023-08-06 01:25:35.646822 - Found PSFSCANK.jcl (text/plain) in CBT.V505.FILE152.PDS, moved to PDS/PSFSCANK
2023-08-06 01:25:35.647707 - Found PSFSCANL.jcl (text/plain) in CBT.V505.FILE152.PDS, moved to PDS/PSFSCANL
2023-08-06 01:25:35.648553 - Found PSFSCANM.jcl (text/plain) in CBT.V505.FILE152.PDS, moved to PDS/PSFSCANM
2023-08-06 01:25:35.649487 - Found PSFSCANN.jcl (text/plain) in CBT.V505.FILE152.PDS, moved to PDS/PSFSCANN
2023-08-06 01:25:35.650496 - Found PSFSCANO.jcl (text/plain) in CBT.V505.FILE152.PDS, moved to PDS/PSFSCANO
2023-08-06 01:25:35.651363 - Found PSFSCANP.jcl (text/plain) in CBT.V505.FILE152.PDS, moved to PDS/PSFSCANP
2023-08-06 01:25:35.652251 - Found PSFSCANQ.jcl (text/plain) in CBT.V505.FILE152.PDS, moved to PDS/PSFSCANQ
2023-08-06 01:25:35.653148 - Found PSFSCAN1.jcl (text/plain) in CBT.V505.FILE152.PDS, moved to PDS/PSFSCAN1
2023-08-06 01:25:35.653997 - Found PSFSCAN4.jcl (text/plain) in CBT.V505.FILE152.PDS, moved to PDS/PSFSCAN4
2023-08-06 01:25:35.654865 - Found PSFSCAN5.jcl (text/plain) in CBT.V505.FILE152.PDS, moved to PDS/PSFSCAN5
2023-08-06 01:25:35.655698 - Found PSFSCAN6.jcl (text/plain) in CBT.V505.FILE152.PDS, moved to PDS/PSFSCAN6
2023-08-06 01:25:35.656498 - Found PSFSCAN7.jcl (text/plain) in CBT.V505.FILE152.PDS, moved to PDS/PSFSCAN7
2023-08-06 01:25:35.657304 - Found PSFSCAN8.jcl (text/plain) in CBT.V505.FILE152.PDS, moved to PDS/PSFSCAN8
2023-08-06 01:25:35.658217 - Found PSFSCAN9.jcl (text/plain) in CBT.V505.FILE152.PDS, moved to PDS/PSFSCAN9
2023-08-06 01:25:35.659046 - Found P12UP.txt (text/plain) in CBT.V505.FILE152.PDS, moved to PDS/P12UP
2023-08-06 01:25:35.659931 - Found P18B2.txt (text/plain) in CBT.V505.FILE152.PDS, moved to PDS/P18B2
2023-08-06 01:25:35.660824 - Found RFIXMOVE.txt (text/plain) in CBT.V505.FILE152.PDS, moved to PDS/RFIXMOVE
2023-08-06 01:25:35.661786 - Found RPRINT02.txt (text/plain) in CBT.V505.FILE152.PDS, moved to PDS/RPRINT02
2023-08-06 01:25:35.662763 - Found RPRINT07.txt (text/plain) in CBT.V505.FILE152.PDS, moved to PDS/RPRINT07
2023-08-06 01:25:35.663668 - Found RPRINT09.txt (text/plain) in CBT.V505.FILE152.PDS, moved to PDS/RPRINT09
2023-08-06 01:25:35.664577 - Found SUBENTRY.txt (text/plain) in CBT.V505.FILE152.PDS, moved to PDS/SUBENTRY
2023-08-06 01:25:35.665627 - Found SUBEXIT.txt (text/plain) in CBT.V505.FILE152.PDS, moved to PDS/SUBEXIT
2023-08-06 01:25:35.666599 - Found T$$DOC.txt (text/plain) in CBT.V505.FILE152.PDS, moved to PDS/T$$DOC
2023-08-06 01:25:35.667562 - Found TAG.txt (text/plain) in CBT.V505.FILE152.PDS, moved to PDS/TAG
2023-08-06 01:25:35.668472 - Found TIMEHIST.txt (text/plain) in CBT.V505.FILE152.PDS, moved to PDS/TIMEHIST
2023-08-06 01:25:35.669360 - Found TIMETAKE.txt (text/plain) in CBT.V505.FILE152.PDS, moved to PDS/TIMETAKE
2023-08-06 01:25:35.670306 - Found TIMHISTJ.jcl (text/plain) in CBT.V505.FILE152.PDS, moved to PDS/TIMHISTJ
2023-08-06 01:25:35.671207 - Found TIMTAKEJ.jcl (text/plain) in CBT.V505.FILE152.PDS, moved to PDS/TIMTAKEJ
2023-08-06 01:25:35.672095 - Found X$$DOC.txt (text/plain) in CBT.V505.FILE152.PDS, moved to PDS/X$$DOC
